<?xml version="1.0" encoding="UTF-8"?>
<!-- Generated by org.testng.reporters.JUnitReportReporter -->
<testsuite skipped="0" hostname="DESKTOP-4NIKV9T" name="Scenario_Component.Scenario_OTP" tests="6" failures="0" timestamp="18 Jul 2018 12:51:40 GMT" time="0.353" errors="6">
  <testcase name="Verify_OTP_UI" time="0.061" classname="Scenario_Component.Scenario_OTP">
    <error type="org.openqa.selenium.WebDriverException" message="Returned value cannot be converted to WebElement: {stacktrace=NoSuchDriverError: A session is either terminated or not started
    at asyncHandler$ (C:\Users\lenovo\AppData\Roaming\npm\node_modules\appium\node_modules\appium-base-driver\lib\protocol\protocol.js:212:15)
    at tryCatch (C:\Users\lenovo\AppData\Roaming\npm\node_modules\appium\node_modules\babel-runtime\regenerator\runtime.js:67:40)
    at GeneratorFunctionPrototype.invoke [as _invoke] (C:\Users\lenovo\AppData\Roaming\npm\node_modules\appium\node_modules\babel-runtime\regenerator\runtime.js:315:22)
    at GeneratorFunctionPrototype.prototype.(anonymous function) [as next] (C:\Users\lenovo\AppData\Roaming\npm\node_modules\appium\node_modules\babel-runtime\regenerator\runtime.js:100:21)
    at invoke (C:\Users\lenovo\AppData\Roaming\npm\node_modules\appium\node_modules\babel-runtime\regenerator\runtime.js:136:37)
    at enqueueResult (C:\Users\lenovo\AppData\Roaming\npm\node_modules\appium\node_modules\babel-runtime\regenerator\runtime.js:185:17)
    at new Promise (&lt;anonymous&gt;)
    at new F (C:\Users\lenovo\AppData\Roaming\npm\node_modules\appium\node_modules\core-js\library\modules\$.export.js:30:36)
    at AsyncIterator.enqueue (C:\Users\lenovo\AppData\Roaming\npm\node_modules\appium\node_modules\babel-runtime\regenerator\runtime.js:184:12)
    at AsyncIterator.prototype.(anonymous function) [as next] (C:\Users\lenovo\AppData\Roaming\npm\node_modules\appium\node_modules\babel-runtime\regenerator\runtime.js:100:21)
    at Object.runtime.async (C:\Users\lenovo\AppData\Roaming\npm\node_modules\appium\node_modules\babel-runtime\regenerator\runtime.js:209:12)
    at asyncHandler (C:\Users\lenovo\AppData\Roaming\npm\node_modules\appium\node_modules\appium-base-driver\build\lib\protocol\protocol.js:331:32)
    at C:\Users\lenovo\AppData\Roaming\npm\node_modules\appium\node_modules\appium-base-driver\lib\protocol\protocol.js:403:15
    at Layer.handle [as handle_request] (C:\Users\lenovo\AppData\Roaming\npm\node_modules\appium\node_modules\express\lib\router\layer.js:95:5)
    at next (C:\Users\lenovo\AppData\Roaming\npm\node_modules\appium\node_modules\express\lib\router\route.js:137:13)
    at Route.dispatch (C:\Users\lenovo\AppData\Roaming\npm\node_modules\appium\node_modules\express\lib\router\route.js:112:3)
    at Layer.handle [as handle_request] (C:\Users\lenovo\AppData\Roaming\npm\node_modules\appium\node_modules\express\lib\router\layer.js:95:5)
    at C:\Users\lenovo\AppData\Roaming\npm\node_modules\appium\node_modules\express\lib\router\index.js:281:22
    at param (C:\Users\lenovo\AppData\Roaming\npm\node_modules\appium\node_modules\express\lib\router\index.js:354:14)
    at param (C:\Users\lenovo\AppData\Roaming\npm\node_modules\appium\node_modules\express\lib\router\index.js:365:14)
    at Function.process_params (C:\Users\lenovo\AppData\Roaming\npm\node_modules\appium\node_modules\express\lib\router\index.js:410:3)
    at next (C:\Users\lenovo\AppData\Roaming\npm\node_modules\appium\node_modules\express\lib\router\index.js:275:10)
    at logger (C:\Users\lenovo\AppData\Roaming\npm\node_modules\appium\node_modules\morgan\index.js:144:5)
    at Layer.handle [as handle_request] (C:\Users\lenovo\AppData\Roaming\npm\node_modules\appium\node_modules\express\lib\router\layer.js:95:5)
    at trim_prefix (C:\Users\lenovo\AppData\Roaming\npm\node_modules\appium\node_modules\express\lib\router\index.js:317:13)
    at C:\Users\lenovo\AppData\Roaming\npm\node_modules\appium\node_modules\express\lib\router\index.js:284:7
    at Function.process_params (C:\Users\lenovo\AppData\Roaming\npm\node_modules\appium\node_modules\express\lib\router\index.js:335:12)
    at next (C:\Users\lenovo\AppData\Roaming\npm\node_modules\appium\node_modules\express\lib\router\index.js:275:10)
    at C:\Users\lenovo\AppData\Roaming\npm\node_modules\appium\node_modules\body-parser\lib\read.js:130:5
    at invokeCallback (C:\Users\lenovo\AppData\Roaming\npm\node_modules\appium\node_modules\raw-body\index.js:224:16)
    at done (C:\Users\lenovo\AppData\Roaming\npm\node_modules\appium\node_modules\raw-body\index.js:213:7)
    at IncomingMessage.onEnd (C:\Users\lenovo\AppData\Roaming\npm\node_modules\appium\node_modules\raw-body\index.js:273:7)
    at emitNone (events.js:106:13)
    at IncomingMessage.emit (events.js:208:7)
    at endReadableNT (_stream_readable.js:1064:12)
    at _combinedTickCallback (internal/process/next_tick.js:138:11)
    at process._tickCallback (internal/process/next_tick.js:180:9), error=invalid session id, message=A session is either terminated or not started}
Build info: version: &#039;3.6.0&#039;, revision: &#039;6fbf3ec767&#039;, time: &#039;2017-09-27T15:28:36.4Z&#039;
System info: host: &#039;DESKTOP-4NIKV9T&#039;, ip: &#039;10.229.202.25&#039;, os.name: &#039;Windows 10&#039;, os.arch: &#039;amd64&#039;, os.version: &#039;10.0&#039;, java.version: &#039;1.8.0_162&#039;
Driver info: driver.version: AndroidDriver">
      <![CDATA[org.openqa.selenium.WebDriverException: Returned value cannot be converted to WebElement: {stacktrace=NoSuchDriverError: A session is either terminated or not started
    at asyncHandler$ (C:\Users\lenovo\AppData\Roaming\npm\node_modules\appium\node_modules\appium-base-driver\lib\protocol\protocol.js:212:15)
    at tryCatch (C:\Users\lenovo\AppData\Roaming\npm\node_modules\appium\node_modules\babel-runtime\regenerator\runtime.js:67:40)
    at GeneratorFunctionPrototype.invoke [as _invoke] (C:\Users\lenovo\AppData\Roaming\npm\node_modules\appium\node_modules\babel-runtime\regenerator\runtime.js:315:22)
    at GeneratorFunctionPrototype.prototype.(anonymous function) [as next] (C:\Users\lenovo\AppData\Roaming\npm\node_modules\appium\node_modules\babel-runtime\regenerator\runtime.js:100:21)
    at invoke (C:\Users\lenovo\AppData\Roaming\npm\node_modules\appium\node_modules\babel-runtime\regenerator\runtime.js:136:37)
    at enqueueResult (C:\Users\lenovo\AppData\Roaming\npm\node_modules\appium\node_modules\babel-runtime\regenerator\runtime.js:185:17)
    at new Promise (<anonymous>)
    at new F (C:\Users\lenovo\AppData\Roaming\npm\node_modules\appium\node_modules\core-js\library\modules\$.export.js:30:36)
    at AsyncIterator.enqueue (C:\Users\lenovo\AppData\Roaming\npm\node_modules\appium\node_modules\babel-runtime\regenerator\runtime.js:184:12)
    at AsyncIterator.prototype.(anonymous function) [as next] (C:\Users\lenovo\AppData\Roaming\npm\node_modules\appium\node_modules\babel-runtime\regenerator\runtime.js:100:21)
    at Object.runtime.async (C:\Users\lenovo\AppData\Roaming\npm\node_modules\appium\node_modules\babel-runtime\regenerator\runtime.js:209:12)
    at asyncHandler (C:\Users\lenovo\AppData\Roaming\npm\node_modules\appium\node_modules\appium-base-driver\build\lib\protocol\protocol.js:331:32)
    at C:\Users\lenovo\AppData\Roaming\npm\node_modules\appium\node_modules\appium-base-driver\lib\protocol\protocol.js:403:15
    at Layer.handle [as handle_request] (C:\Users\lenovo\AppData\Roaming\npm\node_modules\appium\node_modules\express\lib\router\layer.js:95:5)
    at next (C:\Users\lenovo\AppData\Roaming\npm\node_modules\appium\node_modules\express\lib\router\route.js:137:13)
    at Route.dispatch (C:\Users\lenovo\AppData\Roaming\npm\node_modules\appium\node_modules\express\lib\router\route.js:112:3)
    at Layer.handle [as handle_request] (C:\Users\lenovo\AppData\Roaming\npm\node_modules\appium\node_modules\express\lib\router\layer.js:95:5)
    at C:\Users\lenovo\AppData\Roaming\npm\node_modules\appium\node_modules\express\lib\router\index.js:281:22
    at param (C:\Users\lenovo\AppData\Roaming\npm\node_modules\appium\node_modules\express\lib\router\index.js:354:14)
    at param (C:\Users\lenovo\AppData\Roaming\npm\node_modules\appium\node_modules\express\lib\router\index.js:365:14)
    at Function.process_params (C:\Users\lenovo\AppData\Roaming\npm\node_modules\appium\node_modules\express\lib\router\index.js:410:3)
    at next (C:\Users\lenovo\AppData\Roaming\npm\node_modules\appium\node_modules\express\lib\router\index.js:275:10)
    at logger (C:\Users\lenovo\AppData\Roaming\npm\node_modules\appium\node_modules\morgan\index.js:144:5)
    at Layer.handle [as handle_request] (C:\Users\lenovo\AppData\Roaming\npm\node_modules\appium\node_modules\express\lib\router\layer.js:95:5)
    at trim_prefix (C:\Users\lenovo\AppData\Roaming\npm\node_modules\appium\node_modules\express\lib\router\index.js:317:13)
    at C:\Users\lenovo\AppData\Roaming\npm\node_modules\appium\node_modules\express\lib\router\index.js:284:7
    at Function.process_params (C:\Users\lenovo\AppData\Roaming\npm\node_modules\appium\node_modules\express\lib\router\index.js:335:12)
    at next (C:\Users\lenovo\AppData\Roaming\npm\node_modules\appium\node_modules\express\lib\router\index.js:275:10)
    at C:\Users\lenovo\AppData\Roaming\npm\node_modules\appium\node_modules\body-parser\lib\read.js:130:5
    at invokeCallback (C:\Users\lenovo\AppData\Roaming\npm\node_modules\appium\node_modules\raw-body\index.js:224:16)
    at done (C:\Users\lenovo\AppData\Roaming\npm\node_modules\appium\node_modules\raw-body\index.js:213:7)
    at IncomingMessage.onEnd (C:\Users\lenovo\AppData\Roaming\npm\node_modules\appium\node_modules\raw-body\index.js:273:7)
    at emitNone (events.js:106:13)
    at IncomingMessage.emit (events.js:208:7)
    at endReadableNT (_stream_readable.js:1064:12)
    at _combinedTickCallback (internal/process/next_tick.js:138:11)
    at process._tickCallback (internal/process/next_tick.js:180:9), error=invalid session id, message=A session is either terminated or not started}
Build info: version: '3.6.0', revision: '6fbf3ec767', time: '2017-09-27T15:28:36.4Z'
System info: host: 'DESKTOP-4NIKV9T', ip: '10.229.202.25', os.name: 'Windows 10', os.arch: 'amd64', os.version: '10.0', java.version: '1.8.0_162'
Driver info: driver.version: AndroidDriver
at org.openqa.selenium.remote.RemoteWebDriver.findElement(RemoteWebDriver.java:326)
at io.appium.java_client.DefaultGenericMobileDriver.findElement(DefaultGenericMobileDriver.java:62)
at io.appium.java_client.AppiumDriver.findElement(AppiumDriver.java:1)
at io.appium.java_client.android.AndroidDriver.findElement(AndroidDriver.java:1)
at org.openqa.selenium.remote.RemoteWebDriver.findElementById(RemoteWebDriver.java:365)
at io.appium.java_client.DefaultGenericMobileDriver.findElementById(DefaultGenericMobileDriver.java:70)
at io.appium.java_client.AppiumDriver.findElementById(AppiumDriver.java:1)
at io.appium.java_client.android.AndroidDriver.findElementById(AndroidDriver.java:1)
at org.openqa.selenium.By$ById.findElement(By.java:218)
at org.openqa.selenium.remote.RemoteWebDriver.findElement(RemoteWebDriver.java:311)
at io.appium.java_client.DefaultGenericMobileDriver.findElement(DefaultGenericMobileDriver.java:58)
at io.appium.java_client.AppiumDriver.findElement(AppiumDriver.java:1)
at io.appium.java_client.android.AndroidDriver.findElement(AndroidDriver.java:1)
at org.openqa.selenium.support.pagefactory.DefaultElementLocator.findElement(DefaultElementLocator.java:69)
at org.openqa.selenium.support.pagefactory.internal.LocatingElementHandler.invoke(LocatingElementHandler.java:38)
at com.sun.proxy.$Proxy10.isDisplayed(Unknown Source)
at PageObject_Component.PageObject_OTP.Verify_OTP_UI(PageObject_OTP.java:118)
at Scenario_Component.Scenario_OTP.Verify_OTP_UI(Scenario_OTP.java:35)
at sun.reflect.NativeMethodAccessorImpl.invoke0(Native Method)
at sun.reflect.NativeMethodAccessorImpl.invoke(NativeMethodAccessorImpl.java:62)
at sun.reflect.DelegatingMethodAccessorImpl.invoke(DelegatingMethodAccessorImpl.java:43)
at java.lang.reflect.Method.invoke(Method.java:498)
at org.testng.internal.MethodInvocationHelper.invokeMethod(MethodInvocationHelper.java:124)
at org.testng.internal.Invoker.invokeMethod(Invoker.java:580)
at org.testng.internal.Invoker.invokeTestMethod(Invoker.java:716)
at org.testng.internal.Invoker.invokeTestMethods(Invoker.java:988)
at org.testng.internal.TestMethodWorker.invokeTestMethods(TestMethodWorker.java:125)
at org.testng.internal.TestMethodWorker.run(TestMethodWorker.java:109)
at org.testng.TestRunner.privateRun(TestRunner.java:648)
at org.testng.TestRunner.run(TestRunner.java:505)
at org.testng.SuiteRunner.runTest(SuiteRunner.java:455)
at org.testng.SuiteRunner.runSequentially(SuiteRunner.java:450)
at org.testng.SuiteRunner.privateRun(SuiteRunner.java:415)
at org.testng.SuiteRunner.run(SuiteRunner.java:364)
at org.testng.SuiteRunnerWorker.runSuite(SuiteRunnerWorker.java:52)
at org.testng.SuiteRunnerWorker.run(SuiteRunnerWorker.java:84)
at org.testng.TestNG.runSuitesSequentially(TestNG.java:1208)
at org.testng.TestNG.runSuitesLocally(TestNG.java:1137)
at org.testng.TestNG.runSuites(TestNG.java:1049)
at org.testng.TestNG.run(TestNG.java:1017)
at org.testng.remote.AbstractRemoteTestNG.run(AbstractRemoteTestNG.java:114)
at org.testng.remote.RemoteTestNG.initAndRun(RemoteTestNG.java:251)
at org.testng.remote.RemoteTestNG.main(RemoteTestNG.java:77)
Caused by: java.lang.ClassCastException: com.google.common.collect.Maps$TransformedEntriesMap cannot be cast to org.openqa.selenium.WebElement
at org.openqa.selenium.remote.RemoteWebDriver.findElement(RemoteWebDriver.java:324)
... 42 more
]]>
    </error>
  </testcase> <!-- Verify_OTP_UI -->
  <testcase name="blank_OTP" time="0.022" classname="Scenario_Component.Scenario_OTP">
    <error type="org.openqa.selenium.WebDriverException" message="Returned value cannot be converted to WebElement: {stacktrace=NoSuchDriverError: A session is either terminated or not started
    at asyncHandler$ (C:\Users\lenovo\AppData\Roaming\npm\node_modules\appium\node_modules\appium-base-driver\lib\protocol\protocol.js:212:15)
    at tryCatch (C:\Users\lenovo\AppData\Roaming\npm\node_modules\appium\node_modules\babel-runtime\regenerator\runtime.js:67:40)
    at GeneratorFunctionPrototype.invoke [as _invoke] (C:\Users\lenovo\AppData\Roaming\npm\node_modules\appium\node_modules\babel-runtime\regenerator\runtime.js:315:22)
    at GeneratorFunctionPrototype.prototype.(anonymous function) [as next] (C:\Users\lenovo\AppData\Roaming\npm\node_modules\appium\node_modules\babel-runtime\regenerator\runtime.js:100:21)
    at invoke (C:\Users\lenovo\AppData\Roaming\npm\node_modules\appium\node_modules\babel-runtime\regenerator\runtime.js:136:37)
    at enqueueResult (C:\Users\lenovo\AppData\Roaming\npm\node_modules\appium\node_modules\babel-runtime\regenerator\runtime.js:185:17)
    at new Promise (&lt;anonymous&gt;)
    at new F (C:\Users\lenovo\AppData\Roaming\npm\node_modules\appium\node_modules\core-js\library\modules\$.export.js:30:36)
    at AsyncIterator.enqueue (C:\Users\lenovo\AppData\Roaming\npm\node_modules\appium\node_modules\babel-runtime\regenerator\runtime.js:184:12)
    at AsyncIterator.prototype.(anonymous function) [as next] (C:\Users\lenovo\AppData\Roaming\npm\node_modules\appium\node_modules\babel-runtime\regenerator\runtime.js:100:21)
    at Object.runtime.async (C:\Users\lenovo\AppData\Roaming\npm\node_modules\appium\node_modules\babel-runtime\regenerator\runtime.js:209:12)
    at asyncHandler (C:\Users\lenovo\AppData\Roaming\npm\node_modules\appium\node_modules\appium-base-driver\build\lib\protocol\protocol.js:331:32)
    at C:\Users\lenovo\AppData\Roaming\npm\node_modules\appium\node_modules\appium-base-driver\lib\protocol\protocol.js:403:15
    at Layer.handle [as handle_request] (C:\Users\lenovo\AppData\Roaming\npm\node_modules\appium\node_modules\express\lib\router\layer.js:95:5)
    at next (C:\Users\lenovo\AppData\Roaming\npm\node_modules\appium\node_modules\express\lib\router\route.js:137:13)
    at Route.dispatch (C:\Users\lenovo\AppData\Roaming\npm\node_modules\appium\node_modules\express\lib\router\route.js:112:3)
    at Layer.handle [as handle_request] (C:\Users\lenovo\AppData\Roaming\npm\node_modules\appium\node_modules\express\lib\router\layer.js:95:5)
    at C:\Users\lenovo\AppData\Roaming\npm\node_modules\appium\node_modules\express\lib\router\index.js:281:22
    at param (C:\Users\lenovo\AppData\Roaming\npm\node_modules\appium\node_modules\express\lib\router\index.js:354:14)
    at param (C:\Users\lenovo\AppData\Roaming\npm\node_modules\appium\node_modules\express\lib\router\index.js:365:14)
    at Function.process_params (C:\Users\lenovo\AppData\Roaming\npm\node_modules\appium\node_modules\express\lib\router\index.js:410:3)
    at next (C:\Users\lenovo\AppData\Roaming\npm\node_modules\appium\node_modules\express\lib\router\index.js:275:10)
    at logger (C:\Users\lenovo\AppData\Roaming\npm\node_modules\appium\node_modules\morgan\index.js:144:5)
    at Layer.handle [as handle_request] (C:\Users\lenovo\AppData\Roaming\npm\node_modules\appium\node_modules\express\lib\router\layer.js:95:5)
    at trim_prefix (C:\Users\lenovo\AppData\Roaming\npm\node_modules\appium\node_modules\express\lib\router\index.js:317:13)
    at C:\Users\lenovo\AppData\Roaming\npm\node_modules\appium\node_modules\express\lib\router\index.js:284:7
    at Function.process_params (C:\Users\lenovo\AppData\Roaming\npm\node_modules\appium\node_modules\express\lib\router\index.js:335:12)
    at next (C:\Users\lenovo\AppData\Roaming\npm\node_modules\appium\node_modules\express\lib\router\index.js:275:10)
    at C:\Users\lenovo\AppData\Roaming\npm\node_modules\appium\node_modules\body-parser\lib\read.js:130:5
    at invokeCallback (C:\Users\lenovo\AppData\Roaming\npm\node_modules\appium\node_modules\raw-body\index.js:224:16)
    at done (C:\Users\lenovo\AppData\Roaming\npm\node_modules\appium\node_modules\raw-body\index.js:213:7)
    at IncomingMessage.onEnd (C:\Users\lenovo\AppData\Roaming\npm\node_modules\appium\node_modules\raw-body\index.js:273:7)
    at emitNone (events.js:106:13)
    at IncomingMessage.emit (events.js:208:7)
    at endReadableNT (_stream_readable.js:1064:12)
    at _combinedTickCallback (internal/process/next_tick.js:138:11)
    at process._tickCallback (internal/process/next_tick.js:180:9), error=invalid session id, message=A session is either terminated or not started}
Build info: version: &#039;3.6.0&#039;, revision: &#039;6fbf3ec767&#039;, time: &#039;2017-09-27T15:28:36.4Z&#039;
System info: host: &#039;DESKTOP-4NIKV9T&#039;, ip: &#039;10.229.202.25&#039;, os.name: &#039;Windows 10&#039;, os.arch: &#039;amd64&#039;, os.version: &#039;10.0&#039;, java.version: &#039;1.8.0_162&#039;
Driver info: driver.version: AndroidDriver">
      <![CDATA[org.openqa.selenium.WebDriverException: Returned value cannot be converted to WebElement: {stacktrace=NoSuchDriverError: A session is either terminated or not started
    at asyncHandler$ (C:\Users\lenovo\AppData\Roaming\npm\node_modules\appium\node_modules\appium-base-driver\lib\protocol\protocol.js:212:15)
    at tryCatch (C:\Users\lenovo\AppData\Roaming\npm\node_modules\appium\node_modules\babel-runtime\regenerator\runtime.js:67:40)
    at GeneratorFunctionPrototype.invoke [as _invoke] (C:\Users\lenovo\AppData\Roaming\npm\node_modules\appium\node_modules\babel-runtime\regenerator\runtime.js:315:22)
    at GeneratorFunctionPrototype.prototype.(anonymous function) [as next] (C:\Users\lenovo\AppData\Roaming\npm\node_modules\appium\node_modules\babel-runtime\regenerator\runtime.js:100:21)
    at invoke (C:\Users\lenovo\AppData\Roaming\npm\node_modules\appium\node_modules\babel-runtime\regenerator\runtime.js:136:37)
    at enqueueResult (C:\Users\lenovo\AppData\Roaming\npm\node_modules\appium\node_modules\babel-runtime\regenerator\runtime.js:185:17)
    at new Promise (<anonymous>)
    at new F (C:\Users\lenovo\AppData\Roaming\npm\node_modules\appium\node_modules\core-js\library\modules\$.export.js:30:36)
    at AsyncIterator.enqueue (C:\Users\lenovo\AppData\Roaming\npm\node_modules\appium\node_modules\babel-runtime\regenerator\runtime.js:184:12)
    at AsyncIterator.prototype.(anonymous function) [as next] (C:\Users\lenovo\AppData\Roaming\npm\node_modules\appium\node_modules\babel-runtime\regenerator\runtime.js:100:21)
    at Object.runtime.async (C:\Users\lenovo\AppData\Roaming\npm\node_modules\appium\node_modules\babel-runtime\regenerator\runtime.js:209:12)
    at asyncHandler (C:\Users\lenovo\AppData\Roaming\npm\node_modules\appium\node_modules\appium-base-driver\build\lib\protocol\protocol.js:331:32)
    at C:\Users\lenovo\AppData\Roaming\npm\node_modules\appium\node_modules\appium-base-driver\lib\protocol\protocol.js:403:15
    at Layer.handle [as handle_request] (C:\Users\lenovo\AppData\Roaming\npm\node_modules\appium\node_modules\express\lib\router\layer.js:95:5)
    at next (C:\Users\lenovo\AppData\Roaming\npm\node_modules\appium\node_modules\express\lib\router\route.js:137:13)
    at Route.dispatch (C:\Users\lenovo\AppData\Roaming\npm\node_modules\appium\node_modules\express\lib\router\route.js:112:3)
    at Layer.handle [as handle_request] (C:\Users\lenovo\AppData\Roaming\npm\node_modules\appium\node_modules\express\lib\router\layer.js:95:5)
    at C:\Users\lenovo\AppData\Roaming\npm\node_modules\appium\node_modules\express\lib\router\index.js:281:22
    at param (C:\Users\lenovo\AppData\Roaming\npm\node_modules\appium\node_modules\express\lib\router\index.js:354:14)
    at param (C:\Users\lenovo\AppData\Roaming\npm\node_modules\appium\node_modules\express\lib\router\index.js:365:14)
    at Function.process_params (C:\Users\lenovo\AppData\Roaming\npm\node_modules\appium\node_modules\express\lib\router\index.js:410:3)
    at next (C:\Users\lenovo\AppData\Roaming\npm\node_modules\appium\node_modules\express\lib\router\index.js:275:10)
    at logger (C:\Users\lenovo\AppData\Roaming\npm\node_modules\appium\node_modules\morgan\index.js:144:5)
    at Layer.handle [as handle_request] (C:\Users\lenovo\AppData\Roaming\npm\node_modules\appium\node_modules\express\lib\router\layer.js:95:5)
    at trim_prefix (C:\Users\lenovo\AppData\Roaming\npm\node_modules\appium\node_modules\express\lib\router\index.js:317:13)
    at C:\Users\lenovo\AppData\Roaming\npm\node_modules\appium\node_modules\express\lib\router\index.js:284:7
    at Function.process_params (C:\Users\lenovo\AppData\Roaming\npm\node_modules\appium\node_modules\express\lib\router\index.js:335:12)
    at next (C:\Users\lenovo\AppData\Roaming\npm\node_modules\appium\node_modules\express\lib\router\index.js:275:10)
    at C:\Users\lenovo\AppData\Roaming\npm\node_modules\appium\node_modules\body-parser\lib\read.js:130:5
    at invokeCallback (C:\Users\lenovo\AppData\Roaming\npm\node_modules\appium\node_modules\raw-body\index.js:224:16)
    at done (C:\Users\lenovo\AppData\Roaming\npm\node_modules\appium\node_modules\raw-body\index.js:213:7)
    at IncomingMessage.onEnd (C:\Users\lenovo\AppData\Roaming\npm\node_modules\appium\node_modules\raw-body\index.js:273:7)
    at emitNone (events.js:106:13)
    at IncomingMessage.emit (events.js:208:7)
    at endReadableNT (_stream_readable.js:1064:12)
    at _combinedTickCallback (internal/process/next_tick.js:138:11)
    at process._tickCallback (internal/process/next_tick.js:180:9), error=invalid session id, message=A session is either terminated or not started}
Build info: version: '3.6.0', revision: '6fbf3ec767', time: '2017-09-27T15:28:36.4Z'
System info: host: 'DESKTOP-4NIKV9T', ip: '10.229.202.25', os.name: 'Windows 10', os.arch: 'amd64', os.version: '10.0', java.version: '1.8.0_162'
Driver info: driver.version: AndroidDriver
at org.openqa.selenium.remote.RemoteWebDriver.findElement(RemoteWebDriver.java:326)
at io.appium.java_client.DefaultGenericMobileDriver.findElement(DefaultGenericMobileDriver.java:62)
at io.appium.java_client.AppiumDriver.findElement(AppiumDriver.java:1)
at io.appium.java_client.android.AndroidDriver.findElement(AndroidDriver.java:1)
at org.openqa.selenium.remote.RemoteWebDriver.findElementById(RemoteWebDriver.java:365)
at io.appium.java_client.DefaultGenericMobileDriver.findElementById(DefaultGenericMobileDriver.java:70)
at io.appium.java_client.AppiumDriver.findElementById(AppiumDriver.java:1)
at io.appium.java_client.android.AndroidDriver.findElementById(AndroidDriver.java:1)
at org.openqa.selenium.By$ById.findElement(By.java:218)
at org.openqa.selenium.remote.RemoteWebDriver.findElement(RemoteWebDriver.java:311)
at io.appium.java_client.DefaultGenericMobileDriver.findElement(DefaultGenericMobileDriver.java:58)
at io.appium.java_client.AppiumDriver.findElement(AppiumDriver.java:1)
at io.appium.java_client.android.AndroidDriver.findElement(AndroidDriver.java:1)
at org.openqa.selenium.support.pagefactory.DefaultElementLocator.findElement(DefaultElementLocator.java:69)
at org.openqa.selenium.support.pagefactory.internal.LocatingElementHandler.invoke(LocatingElementHandler.java:38)
at com.sun.proxy.$Proxy10.click(Unknown Source)
at PageObject_Component.PageObject_OTP.BlankOTP(PageObject_OTP.java:135)
at Scenario_Component.Scenario_OTP.blank_OTP(Scenario_OTP.java:42)
at sun.reflect.NativeMethodAccessorImpl.invoke0(Native Method)
at sun.reflect.NativeMethodAccessorImpl.invoke(NativeMethodAccessorImpl.java:62)
at sun.reflect.DelegatingMethodAccessorImpl.invoke(DelegatingMethodAccessorImpl.java:43)
at java.lang.reflect.Method.invoke(Method.java:498)
at org.testng.internal.MethodInvocationHelper.invokeMethod(MethodInvocationHelper.java:124)
at org.testng.internal.Invoker.invokeMethod(Invoker.java:580)
at org.testng.internal.Invoker.invokeTestMethod(Invoker.java:716)
at org.testng.internal.Invoker.invokeTestMethods(Invoker.java:988)
at org.testng.internal.TestMethodWorker.invokeTestMethods(TestMethodWorker.java:125)
at org.testng.internal.TestMethodWorker.run(TestMethodWorker.java:109)
at org.testng.TestRunner.privateRun(TestRunner.java:648)
at org.testng.TestRunner.run(TestRunner.java:505)
at org.testng.SuiteRunner.runTest(SuiteRunner.java:455)
at org.testng.SuiteRunner.runSequentially(SuiteRunner.java:450)
at org.testng.SuiteRunner.privateRun(SuiteRunner.java:415)
at org.testng.SuiteRunner.run(SuiteRunner.java:364)
at org.testng.SuiteRunnerWorker.runSuite(SuiteRunnerWorker.java:52)
at org.testng.SuiteRunnerWorker.run(SuiteRunnerWorker.java:84)
at org.testng.TestNG.runSuitesSequentially(TestNG.java:1208)
at org.testng.TestNG.runSuitesLocally(TestNG.java:1137)
at org.testng.TestNG.runSuites(TestNG.java:1049)
at org.testng.TestNG.run(TestNG.java:1017)
at org.testng.remote.AbstractRemoteTestNG.run(AbstractRemoteTestNG.java:114)
at org.testng.remote.RemoteTestNG.initAndRun(RemoteTestNG.java:251)
at org.testng.remote.RemoteTestNG.main(RemoteTestNG.java:77)
Caused by: java.lang.ClassCastException: com.google.common.collect.Maps$TransformedEntriesMap cannot be cast to org.openqa.selenium.WebElement
at org.openqa.selenium.remote.RemoteWebDriver.findElement(RemoteWebDriver.java:324)
... 42 more
]]>
    </error>
  </testcase> <!-- blank_OTP -->
  <testcase name="verify_retry" time="0.067" classname="Scenario_Component.Scenario_OTP">
    <error type="org.openqa.selenium.WebDriverException" message="Returned value cannot be converted to WebElement: {stacktrace=NoSuchDriverError: A session is either terminated or not started
    at asyncHandler$ (C:\Users\lenovo\AppData\Roaming\npm\node_modules\appium\node_modules\appium-base-driver\lib\protocol\protocol.js:212:15)
    at tryCatch (C:\Users\lenovo\AppData\Roaming\npm\node_modules\appium\node_modules\babel-runtime\regenerator\runtime.js:67:40)
    at GeneratorFunctionPrototype.invoke [as _invoke] (C:\Users\lenovo\AppData\Roaming\npm\node_modules\appium\node_modules\babel-runtime\regenerator\runtime.js:315:22)
    at GeneratorFunctionPrototype.prototype.(anonymous function) [as next] (C:\Users\lenovo\AppData\Roaming\npm\node_modules\appium\node_modules\babel-runtime\regenerator\runtime.js:100:21)
    at invoke (C:\Users\lenovo\AppData\Roaming\npm\node_modules\appium\node_modules\babel-runtime\regenerator\runtime.js:136:37)
    at enqueueResult (C:\Users\lenovo\AppData\Roaming\npm\node_modules\appium\node_modules\babel-runtime\regenerator\runtime.js:185:17)
    at new Promise (&lt;anonymous&gt;)
    at new F (C:\Users\lenovo\AppData\Roaming\npm\node_modules\appium\node_modules\core-js\library\modules\$.export.js:30:36)
    at AsyncIterator.enqueue (C:\Users\lenovo\AppData\Roaming\npm\node_modules\appium\node_modules\babel-runtime\regenerator\runtime.js:184:12)
    at AsyncIterator.prototype.(anonymous function) [as next] (C:\Users\lenovo\AppData\Roaming\npm\node_modules\appium\node_modules\babel-runtime\regenerator\runtime.js:100:21)
    at Object.runtime.async (C:\Users\lenovo\AppData\Roaming\npm\node_modules\appium\node_modules\babel-runtime\regenerator\runtime.js:209:12)
    at asyncHandler (C:\Users\lenovo\AppData\Roaming\npm\node_modules\appium\node_modules\appium-base-driver\build\lib\protocol\protocol.js:331:32)
    at C:\Users\lenovo\AppData\Roaming\npm\node_modules\appium\node_modules\appium-base-driver\lib\protocol\protocol.js:403:15
    at Layer.handle [as handle_request] (C:\Users\lenovo\AppData\Roaming\npm\node_modules\appium\node_modules\express\lib\router\layer.js:95:5)
    at next (C:\Users\lenovo\AppData\Roaming\npm\node_modules\appium\node_modules\express\lib\router\route.js:137:13)
    at Route.dispatch (C:\Users\lenovo\AppData\Roaming\npm\node_modules\appium\node_modules\express\lib\router\route.js:112:3)
    at Layer.handle [as handle_request] (C:\Users\lenovo\AppData\Roaming\npm\node_modules\appium\node_modules\express\lib\router\layer.js:95:5)
    at C:\Users\lenovo\AppData\Roaming\npm\node_modules\appium\node_modules\express\lib\router\index.js:281:22
    at param (C:\Users\lenovo\AppData\Roaming\npm\node_modules\appium\node_modules\express\lib\router\index.js:354:14)
    at param (C:\Users\lenovo\AppData\Roaming\npm\node_modules\appium\node_modules\express\lib\router\index.js:365:14)
    at Function.process_params (C:\Users\lenovo\AppData\Roaming\npm\node_modules\appium\node_modules\express\lib\router\index.js:410:3)
    at next (C:\Users\lenovo\AppData\Roaming\npm\node_modules\appium\node_modules\express\lib\router\index.js:275:10)
    at logger (C:\Users\lenovo\AppData\Roaming\npm\node_modules\appium\node_modules\morgan\index.js:144:5)
    at Layer.handle [as handle_request] (C:\Users\lenovo\AppData\Roaming\npm\node_modules\appium\node_modules\express\lib\router\layer.js:95:5)
    at trim_prefix (C:\Users\lenovo\AppData\Roaming\npm\node_modules\appium\node_modules\express\lib\router\index.js:317:13)
    at C:\Users\lenovo\AppData\Roaming\npm\node_modules\appium\node_modules\express\lib\router\index.js:284:7
    at Function.process_params (C:\Users\lenovo\AppData\Roaming\npm\node_modules\appium\node_modules\express\lib\router\index.js:335:12)
    at next (C:\Users\lenovo\AppData\Roaming\npm\node_modules\appium\node_modules\express\lib\router\index.js:275:10)
    at C:\Users\lenovo\AppData\Roaming\npm\node_modules\appium\node_modules\body-parser\lib\read.js:130:5
    at invokeCallback (C:\Users\lenovo\AppData\Roaming\npm\node_modules\appium\node_modules\raw-body\index.js:224:16)
    at done (C:\Users\lenovo\AppData\Roaming\npm\node_modules\appium\node_modules\raw-body\index.js:213:7)
    at IncomingMessage.onEnd (C:\Users\lenovo\AppData\Roaming\npm\node_modules\appium\node_modules\raw-body\index.js:273:7)
    at emitNone (events.js:106:13)
    at IncomingMessage.emit (events.js:208:7)
    at endReadableNT (_stream_readable.js:1064:12)
    at _combinedTickCallback (internal/process/next_tick.js:138:11)
    at process._tickCallback (internal/process/next_tick.js:180:9), error=invalid session id, message=A session is either terminated or not started}
Build info: version: &#039;3.6.0&#039;, revision: &#039;6fbf3ec767&#039;, time: &#039;2017-09-27T15:28:36.4Z&#039;
System info: host: &#039;DESKTOP-4NIKV9T&#039;, ip: &#039;10.229.202.25&#039;, os.name: &#039;Windows 10&#039;, os.arch: &#039;amd64&#039;, os.version: &#039;10.0&#039;, java.version: &#039;1.8.0_162&#039;
Driver info: driver.version: AndroidDriver">
      <![CDATA[org.openqa.selenium.WebDriverException: Returned value cannot be converted to WebElement: {stacktrace=NoSuchDriverError: A session is either terminated or not started
    at asyncHandler$ (C:\Users\lenovo\AppData\Roaming\npm\node_modules\appium\node_modules\appium-base-driver\lib\protocol\protocol.js:212:15)
    at tryCatch (C:\Users\lenovo\AppData\Roaming\npm\node_modules\appium\node_modules\babel-runtime\regenerator\runtime.js:67:40)
    at GeneratorFunctionPrototype.invoke [as _invoke] (C:\Users\lenovo\AppData\Roaming\npm\node_modules\appium\node_modules\babel-runtime\regenerator\runtime.js:315:22)
    at GeneratorFunctionPrototype.prototype.(anonymous function) [as next] (C:\Users\lenovo\AppData\Roaming\npm\node_modules\appium\node_modules\babel-runtime\regenerator\runtime.js:100:21)
    at invoke (C:\Users\lenovo\AppData\Roaming\npm\node_modules\appium\node_modules\babel-runtime\regenerator\runtime.js:136:37)
    at enqueueResult (C:\Users\lenovo\AppData\Roaming\npm\node_modules\appium\node_modules\babel-runtime\regenerator\runtime.js:185:17)
    at new Promise (<anonymous>)
    at new F (C:\Users\lenovo\AppData\Roaming\npm\node_modules\appium\node_modules\core-js\library\modules\$.export.js:30:36)
    at AsyncIterator.enqueue (C:\Users\lenovo\AppData\Roaming\npm\node_modules\appium\node_modules\babel-runtime\regenerator\runtime.js:184:12)
    at AsyncIterator.prototype.(anonymous function) [as next] (C:\Users\lenovo\AppData\Roaming\npm\node_modules\appium\node_modules\babel-runtime\regenerator\runtime.js:100:21)
    at Object.runtime.async (C:\Users\lenovo\AppData\Roaming\npm\node_modules\appium\node_modules\babel-runtime\regenerator\runtime.js:209:12)
    at asyncHandler (C:\Users\lenovo\AppData\Roaming\npm\node_modules\appium\node_modules\appium-base-driver\build\lib\protocol\protocol.js:331:32)
    at C:\Users\lenovo\AppData\Roaming\npm\node_modules\appium\node_modules\appium-base-driver\lib\protocol\protocol.js:403:15
    at Layer.handle [as handle_request] (C:\Users\lenovo\AppData\Roaming\npm\node_modules\appium\node_modules\express\lib\router\layer.js:95:5)
    at next (C:\Users\lenovo\AppData\Roaming\npm\node_modules\appium\node_modules\express\lib\router\route.js:137:13)
    at Route.dispatch (C:\Users\lenovo\AppData\Roaming\npm\node_modules\appium\node_modules\express\lib\router\route.js:112:3)
    at Layer.handle [as handle_request] (C:\Users\lenovo\AppData\Roaming\npm\node_modules\appium\node_modules\express\lib\router\layer.js:95:5)
    at C:\Users\lenovo\AppData\Roaming\npm\node_modules\appium\node_modules\express\lib\router\index.js:281:22
    at param (C:\Users\lenovo\AppData\Roaming\npm\node_modules\appium\node_modules\express\lib\router\index.js:354:14)
    at param (C:\Users\lenovo\AppData\Roaming\npm\node_modules\appium\node_modules\express\lib\router\index.js:365:14)
    at Function.process_params (C:\Users\lenovo\AppData\Roaming\npm\node_modules\appium\node_modules\express\lib\router\index.js:410:3)
    at next (C:\Users\lenovo\AppData\Roaming\npm\node_modules\appium\node_modules\express\lib\router\index.js:275:10)
    at logger (C:\Users\lenovo\AppData\Roaming\npm\node_modules\appium\node_modules\morgan\index.js:144:5)
    at Layer.handle [as handle_request] (C:\Users\lenovo\AppData\Roaming\npm\node_modules\appium\node_modules\express\lib\router\layer.js:95:5)
    at trim_prefix (C:\Users\lenovo\AppData\Roaming\npm\node_modules\appium\node_modules\express\lib\router\index.js:317:13)
    at C:\Users\lenovo\AppData\Roaming\npm\node_modules\appium\node_modules\express\lib\router\index.js:284:7
    at Function.process_params (C:\Users\lenovo\AppData\Roaming\npm\node_modules\appium\node_modules\express\lib\router\index.js:335:12)
    at next (C:\Users\lenovo\AppData\Roaming\npm\node_modules\appium\node_modules\express\lib\router\index.js:275:10)
    at C:\Users\lenovo\AppData\Roaming\npm\node_modules\appium\node_modules\body-parser\lib\read.js:130:5
    at invokeCallback (C:\Users\lenovo\AppData\Roaming\npm\node_modules\appium\node_modules\raw-body\index.js:224:16)
    at done (C:\Users\lenovo\AppData\Roaming\npm\node_modules\appium\node_modules\raw-body\index.js:213:7)
    at IncomingMessage.onEnd (C:\Users\lenovo\AppData\Roaming\npm\node_modules\appium\node_modules\raw-body\index.js:273:7)
    at emitNone (events.js:106:13)
    at IncomingMessage.emit (events.js:208:7)
    at endReadableNT (_stream_readable.js:1064:12)
    at _combinedTickCallback (internal/process/next_tick.js:138:11)
    at process._tickCallback (internal/process/next_tick.js:180:9), error=invalid session id, message=A session is either terminated or not started}
Build info: version: '3.6.0', revision: '6fbf3ec767', time: '2017-09-27T15:28:36.4Z'
System info: host: 'DESKTOP-4NIKV9T', ip: '10.229.202.25', os.name: 'Windows 10', os.arch: 'amd64', os.version: '10.0', java.version: '1.8.0_162'
Driver info: driver.version: AndroidDriver
at org.openqa.selenium.remote.RemoteWebDriver.findElement(RemoteWebDriver.java:326)
at io.appium.java_client.DefaultGenericMobileDriver.findElement(DefaultGenericMobileDriver.java:62)
at io.appium.java_client.AppiumDriver.findElement(AppiumDriver.java:1)
at io.appium.java_client.android.AndroidDriver.findElement(AndroidDriver.java:1)
at org.openqa.selenium.remote.RemoteWebDriver.findElementById(RemoteWebDriver.java:365)
at io.appium.java_client.DefaultGenericMobileDriver.findElementById(DefaultGenericMobileDriver.java:70)
at io.appium.java_client.AppiumDriver.findElementById(AppiumDriver.java:1)
at io.appium.java_client.android.AndroidDriver.findElementById(AndroidDriver.java:1)
at org.openqa.selenium.By$ById.findElement(By.java:218)
at org.openqa.selenium.remote.RemoteWebDriver.findElement(RemoteWebDriver.java:311)
at io.appium.java_client.DefaultGenericMobileDriver.findElement(DefaultGenericMobileDriver.java:58)
at io.appium.java_client.AppiumDriver.findElement(AppiumDriver.java:1)
at io.appium.java_client.android.AndroidDriver.findElement(AndroidDriver.java:1)
at org.openqa.selenium.support.pagefactory.DefaultElementLocator.findElement(DefaultElementLocator.java:69)
at org.openqa.selenium.support.pagefactory.internal.LocatingElementHandler.invoke(LocatingElementHandler.java:38)
at com.sun.proxy.$Proxy10.click(Unknown Source)
at PageObject_Component.PageObject_OTP.verify_retry_button_Success(PageObject_OTP.java:142)
at Scenario_Component.Scenario_OTP.verify_retry(Scenario_OTP.java:49)
at sun.reflect.NativeMethodAccessorImpl.invoke0(Native Method)
at sun.reflect.NativeMethodAccessorImpl.invoke(NativeMethodAccessorImpl.java:62)
at sun.reflect.DelegatingMethodAccessorImpl.invoke(DelegatingMethodAccessorImpl.java:43)
at java.lang.reflect.Method.invoke(Method.java:498)
at org.testng.internal.MethodInvocationHelper.invokeMethod(MethodInvocationHelper.java:124)
at org.testng.internal.Invoker.invokeMethod(Invoker.java:580)
at org.testng.internal.Invoker.invokeTestMethod(Invoker.java:716)
at org.testng.internal.Invoker.invokeTestMethods(Invoker.java:988)
at org.testng.internal.TestMethodWorker.invokeTestMethods(TestMethodWorker.java:125)
at org.testng.internal.TestMethodWorker.run(TestMethodWorker.java:109)
at org.testng.TestRunner.privateRun(TestRunner.java:648)
at org.testng.TestRunner.run(TestRunner.java:505)
at org.testng.SuiteRunner.runTest(SuiteRunner.java:455)
at org.testng.SuiteRunner.runSequentially(SuiteRunner.java:450)
at org.testng.SuiteRunner.privateRun(SuiteRunner.java:415)
at org.testng.SuiteRunner.run(SuiteRunner.java:364)
at org.testng.SuiteRunnerWorker.runSuite(SuiteRunnerWorker.java:52)
at org.testng.SuiteRunnerWorker.run(SuiteRunnerWorker.java:84)
at org.testng.TestNG.runSuitesSequentially(TestNG.java:1208)
at org.testng.TestNG.runSuitesLocally(TestNG.java:1137)
at org.testng.TestNG.runSuites(TestNG.java:1049)
at org.testng.TestNG.run(TestNG.java:1017)
at org.testng.remote.AbstractRemoteTestNG.run(AbstractRemoteTestNG.java:114)
at org.testng.remote.RemoteTestNG.initAndRun(RemoteTestNG.java:251)
at org.testng.remote.RemoteTestNG.main(RemoteTestNG.java:77)
Caused by: java.lang.ClassCastException: com.google.common.collect.Maps$TransformedEntriesMap cannot be cast to org.openqa.selenium.WebElement
at org.openqa.selenium.remote.RemoteWebDriver.findElement(RemoteWebDriver.java:324)
... 42 more
]]>
    </error>
  </testcase> <!-- verify_retry -->
  <testcase name="band_turned_on_UI" time="0.059" classname="Scenario_Component.Scenario_OTP">
    <error type="org.openqa.selenium.WebDriverException" message="Returned value cannot be converted to WebElement: {stacktrace=NoSuchDriverError: A session is either terminated or not started
    at asyncHandler$ (C:\Users\lenovo\AppData\Roaming\npm\node_modules\appium\node_modules\appium-base-driver\lib\protocol\protocol.js:212:15)
    at tryCatch (C:\Users\lenovo\AppData\Roaming\npm\node_modules\appium\node_modules\babel-runtime\regenerator\runtime.js:67:40)
    at GeneratorFunctionPrototype.invoke [as _invoke] (C:\Users\lenovo\AppData\Roaming\npm\node_modules\appium\node_modules\babel-runtime\regenerator\runtime.js:315:22)
    at GeneratorFunctionPrototype.prototype.(anonymous function) [as next] (C:\Users\lenovo\AppData\Roaming\npm\node_modules\appium\node_modules\babel-runtime\regenerator\runtime.js:100:21)
    at invoke (C:\Users\lenovo\AppData\Roaming\npm\node_modules\appium\node_modules\babel-runtime\regenerator\runtime.js:136:37)
    at enqueueResult (C:\Users\lenovo\AppData\Roaming\npm\node_modules\appium\node_modules\babel-runtime\regenerator\runtime.js:185:17)
    at new Promise (&lt;anonymous&gt;)
    at new F (C:\Users\lenovo\AppData\Roaming\npm\node_modules\appium\node_modules\core-js\library\modules\$.export.js:30:36)
    at AsyncIterator.enqueue (C:\Users\lenovo\AppData\Roaming\npm\node_modules\appium\node_modules\babel-runtime\regenerator\runtime.js:184:12)
    at AsyncIterator.prototype.(anonymous function) [as next] (C:\Users\lenovo\AppData\Roaming\npm\node_modules\appium\node_modules\babel-runtime\regenerator\runtime.js:100:21)
    at Object.runtime.async (C:\Users\lenovo\AppData\Roaming\npm\node_modules\appium\node_modules\babel-runtime\regenerator\runtime.js:209:12)
    at asyncHandler (C:\Users\lenovo\AppData\Roaming\npm\node_modules\appium\node_modules\appium-base-driver\build\lib\protocol\protocol.js:331:32)
    at C:\Users\lenovo\AppData\Roaming\npm\node_modules\appium\node_modules\appium-base-driver\lib\protocol\protocol.js:403:15
    at Layer.handle [as handle_request] (C:\Users\lenovo\AppData\Roaming\npm\node_modules\appium\node_modules\express\lib\router\layer.js:95:5)
    at next (C:\Users\lenovo\AppData\Roaming\npm\node_modules\appium\node_modules\express\lib\router\route.js:137:13)
    at Route.dispatch (C:\Users\lenovo\AppData\Roaming\npm\node_modules\appium\node_modules\express\lib\router\route.js:112:3)
    at Layer.handle [as handle_request] (C:\Users\lenovo\AppData\Roaming\npm\node_modules\appium\node_modules\express\lib\router\layer.js:95:5)
    at C:\Users\lenovo\AppData\Roaming\npm\node_modules\appium\node_modules\express\lib\router\index.js:281:22
    at param (C:\Users\lenovo\AppData\Roaming\npm\node_modules\appium\node_modules\express\lib\router\index.js:354:14)
    at param (C:\Users\lenovo\AppData\Roaming\npm\node_modules\appium\node_modules\express\lib\router\index.js:365:14)
    at Function.process_params (C:\Users\lenovo\AppData\Roaming\npm\node_modules\appium\node_modules\express\lib\router\index.js:410:3)
    at next (C:\Users\lenovo\AppData\Roaming\npm\node_modules\appium\node_modules\express\lib\router\index.js:275:10)
    at logger (C:\Users\lenovo\AppData\Roaming\npm\node_modules\appium\node_modules\morgan\index.js:144:5)
    at Layer.handle [as handle_request] (C:\Users\lenovo\AppData\Roaming\npm\node_modules\appium\node_modules\express\lib\router\layer.js:95:5)
    at trim_prefix (C:\Users\lenovo\AppData\Roaming\npm\node_modules\appium\node_modules\express\lib\router\index.js:317:13)
    at C:\Users\lenovo\AppData\Roaming\npm\node_modules\appium\node_modules\express\lib\router\index.js:284:7
    at Function.process_params (C:\Users\lenovo\AppData\Roaming\npm\node_modules\appium\node_modules\express\lib\router\index.js:335:12)
    at next (C:\Users\lenovo\AppData\Roaming\npm\node_modules\appium\node_modules\express\lib\router\index.js:275:10)
    at C:\Users\lenovo\AppData\Roaming\npm\node_modules\appium\node_modules\body-parser\lib\read.js:130:5
    at invokeCallback (C:\Users\lenovo\AppData\Roaming\npm\node_modules\appium\node_modules\raw-body\index.js:224:16)
    at done (C:\Users\lenovo\AppData\Roaming\npm\node_modules\appium\node_modules\raw-body\index.js:213:7)
    at IncomingMessage.onEnd (C:\Users\lenovo\AppData\Roaming\npm\node_modules\appium\node_modules\raw-body\index.js:273:7)
    at emitNone (events.js:106:13)
    at IncomingMessage.emit (events.js:208:7)
    at endReadableNT (_stream_readable.js:1064:12)
    at _combinedTickCallback (internal/process/next_tick.js:138:11)
    at process._tickCallback (internal/process/next_tick.js:180:9), error=invalid session id, message=A session is either terminated or not started}
Build info: version: &#039;3.6.0&#039;, revision: &#039;6fbf3ec767&#039;, time: &#039;2017-09-27T15:28:36.4Z&#039;
System info: host: &#039;DESKTOP-4NIKV9T&#039;, ip: &#039;10.229.202.25&#039;, os.name: &#039;Windows 10&#039;, os.arch: &#039;amd64&#039;, os.version: &#039;10.0&#039;, java.version: &#039;1.8.0_162&#039;
Driver info: driver.version: AndroidDriver">
      <![CDATA[org.openqa.selenium.WebDriverException: Returned value cannot be converted to WebElement: {stacktrace=NoSuchDriverError: A session is either terminated or not started
    at asyncHandler$ (C:\Users\lenovo\AppData\Roaming\npm\node_modules\appium\node_modules\appium-base-driver\lib\protocol\protocol.js:212:15)
    at tryCatch (C:\Users\lenovo\AppData\Roaming\npm\node_modules\appium\node_modules\babel-runtime\regenerator\runtime.js:67:40)
    at GeneratorFunctionPrototype.invoke [as _invoke] (C:\Users\lenovo\AppData\Roaming\npm\node_modules\appium\node_modules\babel-runtime\regenerator\runtime.js:315:22)
    at GeneratorFunctionPrototype.prototype.(anonymous function) [as next] (C:\Users\lenovo\AppData\Roaming\npm\node_modules\appium\node_modules\babel-runtime\regenerator\runtime.js:100:21)
    at invoke (C:\Users\lenovo\AppData\Roaming\npm\node_modules\appium\node_modules\babel-runtime\regenerator\runtime.js:136:37)
    at enqueueResult (C:\Users\lenovo\AppData\Roaming\npm\node_modules\appium\node_modules\babel-runtime\regenerator\runtime.js:185:17)
    at new Promise (<anonymous>)
    at new F (C:\Users\lenovo\AppData\Roaming\npm\node_modules\appium\node_modules\core-js\library\modules\$.export.js:30:36)
    at AsyncIterator.enqueue (C:\Users\lenovo\AppData\Roaming\npm\node_modules\appium\node_modules\babel-runtime\regenerator\runtime.js:184:12)
    at AsyncIterator.prototype.(anonymous function) [as next] (C:\Users\lenovo\AppData\Roaming\npm\node_modules\appium\node_modules\babel-runtime\regenerator\runtime.js:100:21)
    at Object.runtime.async (C:\Users\lenovo\AppData\Roaming\npm\node_modules\appium\node_modules\babel-runtime\regenerator\runtime.js:209:12)
    at asyncHandler (C:\Users\lenovo\AppData\Roaming\npm\node_modules\appium\node_modules\appium-base-driver\build\lib\protocol\protocol.js:331:32)
    at C:\Users\lenovo\AppData\Roaming\npm\node_modules\appium\node_modules\appium-base-driver\lib\protocol\protocol.js:403:15
    at Layer.handle [as handle_request] (C:\Users\lenovo\AppData\Roaming\npm\node_modules\appium\node_modules\express\lib\router\layer.js:95:5)
    at next (C:\Users\lenovo\AppData\Roaming\npm\node_modules\appium\node_modules\express\lib\router\route.js:137:13)
    at Route.dispatch (C:\Users\lenovo\AppData\Roaming\npm\node_modules\appium\node_modules\express\lib\router\route.js:112:3)
    at Layer.handle [as handle_request] (C:\Users\lenovo\AppData\Roaming\npm\node_modules\appium\node_modules\express\lib\router\layer.js:95:5)
    at C:\Users\lenovo\AppData\Roaming\npm\node_modules\appium\node_modules\express\lib\router\index.js:281:22
    at param (C:\Users\lenovo\AppData\Roaming\npm\node_modules\appium\node_modules\express\lib\router\index.js:354:14)
    at param (C:\Users\lenovo\AppData\Roaming\npm\node_modules\appium\node_modules\express\lib\router\index.js:365:14)
    at Function.process_params (C:\Users\lenovo\AppData\Roaming\npm\node_modules\appium\node_modules\express\lib\router\index.js:410:3)
    at next (C:\Users\lenovo\AppData\Roaming\npm\node_modules\appium\node_modules\express\lib\router\index.js:275:10)
    at logger (C:\Users\lenovo\AppData\Roaming\npm\node_modules\appium\node_modules\morgan\index.js:144:5)
    at Layer.handle [as handle_request] (C:\Users\lenovo\AppData\Roaming\npm\node_modules\appium\node_modules\express\lib\router\layer.js:95:5)
    at trim_prefix (C:\Users\lenovo\AppData\Roaming\npm\node_modules\appium\node_modules\express\lib\router\index.js:317:13)
    at C:\Users\lenovo\AppData\Roaming\npm\node_modules\appium\node_modules\express\lib\router\index.js:284:7
    at Function.process_params (C:\Users\lenovo\AppData\Roaming\npm\node_modules\appium\node_modules\express\lib\router\index.js:335:12)
    at next (C:\Users\lenovo\AppData\Roaming\npm\node_modules\appium\node_modules\express\lib\router\index.js:275:10)
    at C:\Users\lenovo\AppData\Roaming\npm\node_modules\appium\node_modules\body-parser\lib\read.js:130:5
    at invokeCallback (C:\Users\lenovo\AppData\Roaming\npm\node_modules\appium\node_modules\raw-body\index.js:224:16)
    at done (C:\Users\lenovo\AppData\Roaming\npm\node_modules\appium\node_modules\raw-body\index.js:213:7)
    at IncomingMessage.onEnd (C:\Users\lenovo\AppData\Roaming\npm\node_modules\appium\node_modules\raw-body\index.js:273:7)
    at emitNone (events.js:106:13)
    at IncomingMessage.emit (events.js:208:7)
    at endReadableNT (_stream_readable.js:1064:12)
    at _combinedTickCallback (internal/process/next_tick.js:138:11)
    at process._tickCallback (internal/process/next_tick.js:180:9), error=invalid session id, message=A session is either terminated or not started}
Build info: version: '3.6.0', revision: '6fbf3ec767', time: '2017-09-27T15:28:36.4Z'
System info: host: 'DESKTOP-4NIKV9T', ip: '10.229.202.25', os.name: 'Windows 10', os.arch: 'amd64', os.version: '10.0', java.version: '1.8.0_162'
Driver info: driver.version: AndroidDriver
at org.openqa.selenium.remote.RemoteWebDriver.findElement(RemoteWebDriver.java:326)
at io.appium.java_client.DefaultGenericMobileDriver.findElement(DefaultGenericMobileDriver.java:62)
at io.appium.java_client.AppiumDriver.findElement(AppiumDriver.java:1)
at io.appium.java_client.android.AndroidDriver.findElement(AndroidDriver.java:1)
at org.openqa.selenium.remote.RemoteWebDriver.findElementById(RemoteWebDriver.java:365)
at io.appium.java_client.DefaultGenericMobileDriver.findElementById(DefaultGenericMobileDriver.java:70)
at io.appium.java_client.AppiumDriver.findElementById(AppiumDriver.java:1)
at io.appium.java_client.android.AndroidDriver.findElementById(AndroidDriver.java:1)
at org.openqa.selenium.By$ById.findElement(By.java:218)
at org.openqa.selenium.remote.RemoteWebDriver.findElement(RemoteWebDriver.java:311)
at io.appium.java_client.DefaultGenericMobileDriver.findElement(DefaultGenericMobileDriver.java:58)
at io.appium.java_client.AppiumDriver.findElement(AppiumDriver.java:1)
at io.appium.java_client.android.AndroidDriver.findElement(AndroidDriver.java:1)
at org.openqa.selenium.support.pagefactory.DefaultElementLocator.findElement(DefaultElementLocator.java:69)
at org.openqa.selenium.support.pagefactory.internal.LocatingElementHandler.invoke(LocatingElementHandler.java:38)
at com.sun.proxy.$Proxy10.isDisplayed(Unknown Source)
at PageObject_Component.PageObject_OTP.band_turned_on_UI(PageObject_OTP.java:184)
at Scenario_Component.Scenario_OTP.band_turned_on_UI(Scenario_OTP.java:56)
at sun.reflect.NativeMethodAccessorImpl.invoke0(Native Method)
at sun.reflect.NativeMethodAccessorImpl.invoke(NativeMethodAccessorImpl.java:62)
at sun.reflect.DelegatingMethodAccessorImpl.invoke(DelegatingMethodAccessorImpl.java:43)
at java.lang.reflect.Method.invoke(Method.java:498)
at org.testng.internal.MethodInvocationHelper.invokeMethod(MethodInvocationHelper.java:124)
at org.testng.internal.Invoker.invokeMethod(Invoker.java:580)
at org.testng.internal.Invoker.invokeTestMethod(Invoker.java:716)
at org.testng.internal.Invoker.invokeTestMethods(Invoker.java:988)
at org.testng.internal.TestMethodWorker.invokeTestMethods(TestMethodWorker.java:125)
at org.testng.internal.TestMethodWorker.run(TestMethodWorker.java:109)
at org.testng.TestRunner.privateRun(TestRunner.java:648)
at org.testng.TestRunner.run(TestRunner.java:505)
at org.testng.SuiteRunner.runTest(SuiteRunner.java:455)
at org.testng.SuiteRunner.runSequentially(SuiteRunner.java:450)
at org.testng.SuiteRunner.privateRun(SuiteRunner.java:415)
at org.testng.SuiteRunner.run(SuiteRunner.java:364)
at org.testng.SuiteRunnerWorker.runSuite(SuiteRunnerWorker.java:52)
at org.testng.SuiteRunnerWorker.run(SuiteRunnerWorker.java:84)
at org.testng.TestNG.runSuitesSequentially(TestNG.java:1208)
at org.testng.TestNG.runSuitesLocally(TestNG.java:1137)
at org.testng.TestNG.runSuites(TestNG.java:1049)
at org.testng.TestNG.run(TestNG.java:1017)
at org.testng.remote.AbstractRemoteTestNG.run(AbstractRemoteTestNG.java:114)
at org.testng.remote.RemoteTestNG.initAndRun(RemoteTestNG.java:251)
at org.testng.remote.RemoteTestNG.main(RemoteTestNG.java:77)
Caused by: java.lang.ClassCastException: com.google.common.collect.Maps$TransformedEntriesMap cannot be cast to org.openqa.selenium.WebElement
at org.openqa.selenium.remote.RemoteWebDriver.findElement(RemoteWebDriver.java:324)
... 42 more
]]>
    </error>
  </testcase> <!-- band_turned_on_UI -->
  <testcase name="Verify_Band_listscreen" time="0.038" classname="Scenario_Component.Scenario_OTP">
    <error type="org.openqa.selenium.WebDriverException" message="Returned value cannot be converted to WebElement: {stacktrace=NoSuchDriverError: A session is either terminated or not started
    at asyncHandler$ (C:\Users\lenovo\AppData\Roaming\npm\node_modules\appium\node_modules\appium-base-driver\lib\protocol\protocol.js:212:15)
    at tryCatch (C:\Users\lenovo\AppData\Roaming\npm\node_modules\appium\node_modules\babel-runtime\regenerator\runtime.js:67:40)
    at GeneratorFunctionPrototype.invoke [as _invoke] (C:\Users\lenovo\AppData\Roaming\npm\node_modules\appium\node_modules\babel-runtime\regenerator\runtime.js:315:22)
    at GeneratorFunctionPrototype.prototype.(anonymous function) [as next] (C:\Users\lenovo\AppData\Roaming\npm\node_modules\appium\node_modules\babel-runtime\regenerator\runtime.js:100:21)
    at invoke (C:\Users\lenovo\AppData\Roaming\npm\node_modules\appium\node_modules\babel-runtime\regenerator\runtime.js:136:37)
    at enqueueResult (C:\Users\lenovo\AppData\Roaming\npm\node_modules\appium\node_modules\babel-runtime\regenerator\runtime.js:185:17)
    at new Promise (&lt;anonymous&gt;)
    at new F (C:\Users\lenovo\AppData\Roaming\npm\node_modules\appium\node_modules\core-js\library\modules\$.export.js:30:36)
    at AsyncIterator.enqueue (C:\Users\lenovo\AppData\Roaming\npm\node_modules\appium\node_modules\babel-runtime\regenerator\runtime.js:184:12)
    at AsyncIterator.prototype.(anonymous function) [as next] (C:\Users\lenovo\AppData\Roaming\npm\node_modules\appium\node_modules\babel-runtime\regenerator\runtime.js:100:21)
    at Object.runtime.async (C:\Users\lenovo\AppData\Roaming\npm\node_modules\appium\node_modules\babel-runtime\regenerator\runtime.js:209:12)
    at asyncHandler (C:\Users\lenovo\AppData\Roaming\npm\node_modules\appium\node_modules\appium-base-driver\build\lib\protocol\protocol.js:331:32)
    at C:\Users\lenovo\AppData\Roaming\npm\node_modules\appium\node_modules\appium-base-driver\lib\protocol\protocol.js:403:15
    at Layer.handle [as handle_request] (C:\Users\lenovo\AppData\Roaming\npm\node_modules\appium\node_modules\express\lib\router\layer.js:95:5)
    at next (C:\Users\lenovo\AppData\Roaming\npm\node_modules\appium\node_modules\express\lib\router\route.js:137:13)
    at Route.dispatch (C:\Users\lenovo\AppData\Roaming\npm\node_modules\appium\node_modules\express\lib\router\route.js:112:3)
    at Layer.handle [as handle_request] (C:\Users\lenovo\AppData\Roaming\npm\node_modules\appium\node_modules\express\lib\router\layer.js:95:5)
    at C:\Users\lenovo\AppData\Roaming\npm\node_modules\appium\node_modules\express\lib\router\index.js:281:22
    at param (C:\Users\lenovo\AppData\Roaming\npm\node_modules\appium\node_modules\express\lib\router\index.js:354:14)
    at param (C:\Users\lenovo\AppData\Roaming\npm\node_modules\appium\node_modules\express\lib\router\index.js:365:14)
    at Function.process_params (C:\Users\lenovo\AppData\Roaming\npm\node_modules\appium\node_modules\express\lib\router\index.js:410:3)
    at next (C:\Users\lenovo\AppData\Roaming\npm\node_modules\appium\node_modules\express\lib\router\index.js:275:10)
    at logger (C:\Users\lenovo\AppData\Roaming\npm\node_modules\appium\node_modules\morgan\index.js:144:5)
    at Layer.handle [as handle_request] (C:\Users\lenovo\AppData\Roaming\npm\node_modules\appium\node_modules\express\lib\router\layer.js:95:5)
    at trim_prefix (C:\Users\lenovo\AppData\Roaming\npm\node_modules\appium\node_modules\express\lib\router\index.js:317:13)
    at C:\Users\lenovo\AppData\Roaming\npm\node_modules\appium\node_modules\express\lib\router\index.js:284:7
    at Function.process_params (C:\Users\lenovo\AppData\Roaming\npm\node_modules\appium\node_modules\express\lib\router\index.js:335:12)
    at next (C:\Users\lenovo\AppData\Roaming\npm\node_modules\appium\node_modules\express\lib\router\index.js:275:10)
    at C:\Users\lenovo\AppData\Roaming\npm\node_modules\appium\node_modules\body-parser\lib\read.js:130:5
    at invokeCallback (C:\Users\lenovo\AppData\Roaming\npm\node_modules\appium\node_modules\raw-body\index.js:224:16)
    at done (C:\Users\lenovo\AppData\Roaming\npm\node_modules\appium\node_modules\raw-body\index.js:213:7)
    at IncomingMessage.onEnd (C:\Users\lenovo\AppData\Roaming\npm\node_modules\appium\node_modules\raw-body\index.js:273:7)
    at emitNone (events.js:106:13)
    at IncomingMessage.emit (events.js:208:7)
    at endReadableNT (_stream_readable.js:1064:12)
    at _combinedTickCallback (internal/process/next_tick.js:138:11)
    at process._tickCallback (internal/process/next_tick.js:180:9), error=invalid session id, message=A session is either terminated or not started}
Build info: version: &#039;3.6.0&#039;, revision: &#039;6fbf3ec767&#039;, time: &#039;2017-09-27T15:28:36.4Z&#039;
System info: host: &#039;DESKTOP-4NIKV9T&#039;, ip: &#039;10.229.202.25&#039;, os.name: &#039;Windows 10&#039;, os.arch: &#039;amd64&#039;, os.version: &#039;10.0&#039;, java.version: &#039;1.8.0_162&#039;
Driver info: driver.version: AndroidDriver">
      <![CDATA[org.openqa.selenium.WebDriverException: Returned value cannot be converted to WebElement: {stacktrace=NoSuchDriverError: A session is either terminated or not started
    at asyncHandler$ (C:\Users\lenovo\AppData\Roaming\npm\node_modules\appium\node_modules\appium-base-driver\lib\protocol\protocol.js:212:15)
    at tryCatch (C:\Users\lenovo\AppData\Roaming\npm\node_modules\appium\node_modules\babel-runtime\regenerator\runtime.js:67:40)
    at GeneratorFunctionPrototype.invoke [as _invoke] (C:\Users\lenovo\AppData\Roaming\npm\node_modules\appium\node_modules\babel-runtime\regenerator\runtime.js:315:22)
    at GeneratorFunctionPrototype.prototype.(anonymous function) [as next] (C:\Users\lenovo\AppData\Roaming\npm\node_modules\appium\node_modules\babel-runtime\regenerator\runtime.js:100:21)
    at invoke (C:\Users\lenovo\AppData\Roaming\npm\node_modules\appium\node_modules\babel-runtime\regenerator\runtime.js:136:37)
    at enqueueResult (C:\Users\lenovo\AppData\Roaming\npm\node_modules\appium\node_modules\babel-runtime\regenerator\runtime.js:185:17)
    at new Promise (<anonymous>)
    at new F (C:\Users\lenovo\AppData\Roaming\npm\node_modules\appium\node_modules\core-js\library\modules\$.export.js:30:36)
    at AsyncIterator.enqueue (C:\Users\lenovo\AppData\Roaming\npm\node_modules\appium\node_modules\babel-runtime\regenerator\runtime.js:184:12)
    at AsyncIterator.prototype.(anonymous function) [as next] (C:\Users\lenovo\AppData\Roaming\npm\node_modules\appium\node_modules\babel-runtime\regenerator\runtime.js:100:21)
    at Object.runtime.async (C:\Users\lenovo\AppData\Roaming\npm\node_modules\appium\node_modules\babel-runtime\regenerator\runtime.js:209:12)
    at asyncHandler (C:\Users\lenovo\AppData\Roaming\npm\node_modules\appium\node_modules\appium-base-driver\build\lib\protocol\protocol.js:331:32)
    at C:\Users\lenovo\AppData\Roaming\npm\node_modules\appium\node_modules\appium-base-driver\lib\protocol\protocol.js:403:15
    at Layer.handle [as handle_request] (C:\Users\lenovo\AppData\Roaming\npm\node_modules\appium\node_modules\express\lib\router\layer.js:95:5)
    at next (C:\Users\lenovo\AppData\Roaming\npm\node_modules\appium\node_modules\express\lib\router\route.js:137:13)
    at Route.dispatch (C:\Users\lenovo\AppData\Roaming\npm\node_modules\appium\node_modules\express\lib\router\route.js:112:3)
    at Layer.handle [as handle_request] (C:\Users\lenovo\AppData\Roaming\npm\node_modules\appium\node_modules\express\lib\router\layer.js:95:5)
    at C:\Users\lenovo\AppData\Roaming\npm\node_modules\appium\node_modules\express\lib\router\index.js:281:22
    at param (C:\Users\lenovo\AppData\Roaming\npm\node_modules\appium\node_modules\express\lib\router\index.js:354:14)
    at param (C:\Users\lenovo\AppData\Roaming\npm\node_modules\appium\node_modules\express\lib\router\index.js:365:14)
    at Function.process_params (C:\Users\lenovo\AppData\Roaming\npm\node_modules\appium\node_modules\express\lib\router\index.js:410:3)
    at next (C:\Users\lenovo\AppData\Roaming\npm\node_modules\appium\node_modules\express\lib\router\index.js:275:10)
    at logger (C:\Users\lenovo\AppData\Roaming\npm\node_modules\appium\node_modules\morgan\index.js:144:5)
    at Layer.handle [as handle_request] (C:\Users\lenovo\AppData\Roaming\npm\node_modules\appium\node_modules\express\lib\router\layer.js:95:5)
    at trim_prefix (C:\Users\lenovo\AppData\Roaming\npm\node_modules\appium\node_modules\express\lib\router\index.js:317:13)
    at C:\Users\lenovo\AppData\Roaming\npm\node_modules\appium\node_modules\express\lib\router\index.js:284:7
    at Function.process_params (C:\Users\lenovo\AppData\Roaming\npm\node_modules\appium\node_modules\express\lib\router\index.js:335:12)
    at next (C:\Users\lenovo\AppData\Roaming\npm\node_modules\appium\node_modules\express\lib\router\index.js:275:10)
    at C:\Users\lenovo\AppData\Roaming\npm\node_modules\appium\node_modules\body-parser\lib\read.js:130:5
    at invokeCallback (C:\Users\lenovo\AppData\Roaming\npm\node_modules\appium\node_modules\raw-body\index.js:224:16)
    at done (C:\Users\lenovo\AppData\Roaming\npm\node_modules\appium\node_modules\raw-body\index.js:213:7)
    at IncomingMessage.onEnd (C:\Users\lenovo\AppData\Roaming\npm\node_modules\appium\node_modules\raw-body\index.js:273:7)
    at emitNone (events.js:106:13)
    at IncomingMessage.emit (events.js:208:7)
    at endReadableNT (_stream_readable.js:1064:12)
    at _combinedTickCallback (internal/process/next_tick.js:138:11)
    at process._tickCallback (internal/process/next_tick.js:180:9), error=invalid session id, message=A session is either terminated or not started}
Build info: version: '3.6.0', revision: '6fbf3ec767', time: '2017-09-27T15:28:36.4Z'
System info: host: 'DESKTOP-4NIKV9T', ip: '10.229.202.25', os.name: 'Windows 10', os.arch: 'amd64', os.version: '10.0', java.version: '1.8.0_162'
Driver info: driver.version: AndroidDriver
at org.openqa.selenium.remote.RemoteWebDriver.findElement(RemoteWebDriver.java:326)
at io.appium.java_client.DefaultGenericMobileDriver.findElement(DefaultGenericMobileDriver.java:62)
at io.appium.java_client.AppiumDriver.findElement(AppiumDriver.java:1)
at io.appium.java_client.android.AndroidDriver.findElement(AndroidDriver.java:1)
at org.openqa.selenium.remote.RemoteWebDriver.findElementById(RemoteWebDriver.java:365)
at io.appium.java_client.DefaultGenericMobileDriver.findElementById(DefaultGenericMobileDriver.java:70)
at io.appium.java_client.AppiumDriver.findElementById(AppiumDriver.java:1)
at io.appium.java_client.android.AndroidDriver.findElementById(AndroidDriver.java:1)
at org.openqa.selenium.By$ById.findElement(By.java:218)
at org.openqa.selenium.remote.RemoteWebDriver.findElement(RemoteWebDriver.java:311)
at io.appium.java_client.DefaultGenericMobileDriver.findElement(DefaultGenericMobileDriver.java:58)
at io.appium.java_client.AppiumDriver.findElement(AppiumDriver.java:1)
at io.appium.java_client.android.AndroidDriver.findElement(AndroidDriver.java:1)
at org.openqa.selenium.support.pagefactory.DefaultElementLocator.findElement(DefaultElementLocator.java:69)
at org.openqa.selenium.support.pagefactory.internal.LocatingElementHandler.invoke(LocatingElementHandler.java:38)
at com.sun.proxy.$Proxy10.isDisplayed(Unknown Source)
at PageObject_Component.PageObject_OTP.band_list_screen_UI(PageObject_OTP.java:191)
at Scenario_Component.Scenario_OTP.Verify_Band_listscreen(Scenario_OTP.java:64)
at sun.reflect.NativeMethodAccessorImpl.invoke0(Native Method)
at sun.reflect.NativeMethodAccessorImpl.invoke(NativeMethodAccessorImpl.java:62)
at sun.reflect.DelegatingMethodAccessorImpl.invoke(DelegatingMethodAccessorImpl.java:43)
at java.lang.reflect.Method.invoke(Method.java:498)
at org.testng.internal.MethodInvocationHelper.invokeMethod(MethodInvocationHelper.java:124)
at org.testng.internal.Invoker.invokeMethod(Invoker.java:580)
at org.testng.internal.Invoker.invokeTestMethod(Invoker.java:716)
at org.testng.internal.Invoker.invokeTestMethods(Invoker.java:988)
at org.testng.internal.TestMethodWorker.invokeTestMethods(TestMethodWorker.java:125)
at org.testng.internal.TestMethodWorker.run(TestMethodWorker.java:109)
at org.testng.TestRunner.privateRun(TestRunner.java:648)
at org.testng.TestRunner.run(TestRunner.java:505)
at org.testng.SuiteRunner.runTest(SuiteRunner.java:455)
at org.testng.SuiteRunner.runSequentially(SuiteRunner.java:450)
at org.testng.SuiteRunner.privateRun(SuiteRunner.java:415)
at org.testng.SuiteRunner.run(SuiteRunner.java:364)
at org.testng.SuiteRunnerWorker.runSuite(SuiteRunnerWorker.java:52)
at org.testng.SuiteRunnerWorker.run(SuiteRunnerWorker.java:84)
at org.testng.TestNG.runSuitesSequentially(TestNG.java:1208)
at org.testng.TestNG.runSuitesLocally(TestNG.java:1137)
at org.testng.TestNG.runSuites(TestNG.java:1049)
at org.testng.TestNG.run(TestNG.java:1017)
at org.testng.remote.AbstractRemoteTestNG.run(AbstractRemoteTestNG.java:114)
at org.testng.remote.RemoteTestNG.initAndRun(RemoteTestNG.java:251)
at org.testng.remote.RemoteTestNG.main(RemoteTestNG.java:77)
Caused by: java.lang.ClassCastException: com.google.common.collect.Maps$TransformedEntriesMap cannot be cast to org.openqa.selenium.WebElement
at org.openqa.selenium.remote.RemoteWebDriver.findElement(RemoteWebDriver.java:324)
... 42 more
]]>
    </error>
  </testcase> <!-- Verify_Band_listscreen -->
  <testcase name="Verify_Band_cnnected" time="0.106" classname="Scenario_Component.Scenario_OTP">
    <error type="org.openqa.selenium.WebDriverException" message="Returned value cannot be converted to WebElement: {stacktrace=NoSuchDriverError: A session is either terminated or not started
    at asyncHandler$ (C:\Users\lenovo\AppData\Roaming\npm\node_modules\appium\node_modules\appium-base-driver\lib\protocol\protocol.js:212:15)
    at tryCatch (C:\Users\lenovo\AppData\Roaming\npm\node_modules\appium\node_modules\babel-runtime\regenerator\runtime.js:67:40)
    at GeneratorFunctionPrototype.invoke [as _invoke] (C:\Users\lenovo\AppData\Roaming\npm\node_modules\appium\node_modules\babel-runtime\regenerator\runtime.js:315:22)
    at GeneratorFunctionPrototype.prototype.(anonymous function) [as next] (C:\Users\lenovo\AppData\Roaming\npm\node_modules\appium\node_modules\babel-runtime\regenerator\runtime.js:100:21)
    at invoke (C:\Users\lenovo\AppData\Roaming\npm\node_modules\appium\node_modules\babel-runtime\regenerator\runtime.js:136:37)
    at enqueueResult (C:\Users\lenovo\AppData\Roaming\npm\node_modules\appium\node_modules\babel-runtime\regenerator\runtime.js:185:17)
    at new Promise (&lt;anonymous&gt;)
    at new F (C:\Users\lenovo\AppData\Roaming\npm\node_modules\appium\node_modules\core-js\library\modules\$.export.js:30:36)
    at AsyncIterator.enqueue (C:\Users\lenovo\AppData\Roaming\npm\node_modules\appium\node_modules\babel-runtime\regenerator\runtime.js:184:12)
    at AsyncIterator.prototype.(anonymous function) [as next] (C:\Users\lenovo\AppData\Roaming\npm\node_modules\appium\node_modules\babel-runtime\regenerator\runtime.js:100:21)
    at Object.runtime.async (C:\Users\lenovo\AppData\Roaming\npm\node_modules\appium\node_modules\babel-runtime\regenerator\runtime.js:209:12)
    at asyncHandler (C:\Users\lenovo\AppData\Roaming\npm\node_modules\appium\node_modules\appium-base-driver\build\lib\protocol\protocol.js:331:32)
    at C:\Users\lenovo\AppData\Roaming\npm\node_modules\appium\node_modules\appium-base-driver\lib\protocol\protocol.js:403:15
    at Layer.handle [as handle_request] (C:\Users\lenovo\AppData\Roaming\npm\node_modules\appium\node_modules\express\lib\router\layer.js:95:5)
    at next (C:\Users\lenovo\AppData\Roaming\npm\node_modules\appium\node_modules\express\lib\router\route.js:137:13)
    at Route.dispatch (C:\Users\lenovo\AppData\Roaming\npm\node_modules\appium\node_modules\express\lib\router\route.js:112:3)
    at Layer.handle [as handle_request] (C:\Users\lenovo\AppData\Roaming\npm\node_modules\appium\node_modules\express\lib\router\layer.js:95:5)
    at C:\Users\lenovo\AppData\Roaming\npm\node_modules\appium\node_modules\express\lib\router\index.js:281:22
    at param (C:\Users\lenovo\AppData\Roaming\npm\node_modules\appium\node_modules\express\lib\router\index.js:354:14)
    at param (C:\Users\lenovo\AppData\Roaming\npm\node_modules\appium\node_modules\express\lib\router\index.js:365:14)
    at Function.process_params (C:\Users\lenovo\AppData\Roaming\npm\node_modules\appium\node_modules\express\lib\router\index.js:410:3)
    at next (C:\Users\lenovo\AppData\Roaming\npm\node_modules\appium\node_modules\express\lib\router\index.js:275:10)
    at logger (C:\Users\lenovo\AppData\Roaming\npm\node_modules\appium\node_modules\morgan\index.js:144:5)
    at Layer.handle [as handle_request] (C:\Users\lenovo\AppData\Roaming\npm\node_modules\appium\node_modules\express\lib\router\layer.js:95:5)
    at trim_prefix (C:\Users\lenovo\AppData\Roaming\npm\node_modules\appium\node_modules\express\lib\router\index.js:317:13)
    at C:\Users\lenovo\AppData\Roaming\npm\node_modules\appium\node_modules\express\lib\router\index.js:284:7
    at Function.process_params (C:\Users\lenovo\AppData\Roaming\npm\node_modules\appium\node_modules\express\lib\router\index.js:335:12)
    at next (C:\Users\lenovo\AppData\Roaming\npm\node_modules\appium\node_modules\express\lib\router\index.js:275:10)
    at C:\Users\lenovo\AppData\Roaming\npm\node_modules\appium\node_modules\body-parser\lib\read.js:130:5
    at invokeCallback (C:\Users\lenovo\AppData\Roaming\npm\node_modules\appium\node_modules\raw-body\index.js:224:16)
    at done (C:\Users\lenovo\AppData\Roaming\npm\node_modules\appium\node_modules\raw-body\index.js:213:7)
    at IncomingMessage.onEnd (C:\Users\lenovo\AppData\Roaming\npm\node_modules\appium\node_modules\raw-body\index.js:273:7)
    at emitNone (events.js:106:13)
    at IncomingMessage.emit (events.js:208:7)
    at endReadableNT (_stream_readable.js:1064:12)
    at _combinedTickCallback (internal/process/next_tick.js:138:11)
    at process._tickCallback (internal/process/next_tick.js:180:9), error=invalid session id, message=A session is either terminated or not started}
Build info: version: &#039;3.6.0&#039;, revision: &#039;6fbf3ec767&#039;, time: &#039;2017-09-27T15:28:36.4Z&#039;
System info: host: &#039;DESKTOP-4NIKV9T&#039;, ip: &#039;10.229.202.25&#039;, os.name: &#039;Windows 10&#039;, os.arch: &#039;amd64&#039;, os.version: &#039;10.0&#039;, java.version: &#039;1.8.0_162&#039;
Driver info: driver.version: AndroidDriver">
      <![CDATA[org.openqa.selenium.WebDriverException: Returned value cannot be converted to WebElement: {stacktrace=NoSuchDriverError: A session is either terminated or not started
    at asyncHandler$ (C:\Users\lenovo\AppData\Roaming\npm\node_modules\appium\node_modules\appium-base-driver\lib\protocol\protocol.js:212:15)
    at tryCatch (C:\Users\lenovo\AppData\Roaming\npm\node_modules\appium\node_modules\babel-runtime\regenerator\runtime.js:67:40)
    at GeneratorFunctionPrototype.invoke [as _invoke] (C:\Users\lenovo\AppData\Roaming\npm\node_modules\appium\node_modules\babel-runtime\regenerator\runtime.js:315:22)
    at GeneratorFunctionPrototype.prototype.(anonymous function) [as next] (C:\Users\lenovo\AppData\Roaming\npm\node_modules\appium\node_modules\babel-runtime\regenerator\runtime.js:100:21)
    at invoke (C:\Users\lenovo\AppData\Roaming\npm\node_modules\appium\node_modules\babel-runtime\regenerator\runtime.js:136:37)
    at enqueueResult (C:\Users\lenovo\AppData\Roaming\npm\node_modules\appium\node_modules\babel-runtime\regenerator\runtime.js:185:17)
    at new Promise (<anonymous>)
    at new F (C:\Users\lenovo\AppData\Roaming\npm\node_modules\appium\node_modules\core-js\library\modules\$.export.js:30:36)
    at AsyncIterator.enqueue (C:\Users\lenovo\AppData\Roaming\npm\node_modules\appium\node_modules\babel-runtime\regenerator\runtime.js:184:12)
    at AsyncIterator.prototype.(anonymous function) [as next] (C:\Users\lenovo\AppData\Roaming\npm\node_modules\appium\node_modules\babel-runtime\regenerator\runtime.js:100:21)
    at Object.runtime.async (C:\Users\lenovo\AppData\Roaming\npm\node_modules\appium\node_modules\babel-runtime\regenerator\runtime.js:209:12)
    at asyncHandler (C:\Users\lenovo\AppData\Roaming\npm\node_modules\appium\node_modules\appium-base-driver\build\lib\protocol\protocol.js:331:32)
    at C:\Users\lenovo\AppData\Roaming\npm\node_modules\appium\node_modules\appium-base-driver\lib\protocol\protocol.js:403:15
    at Layer.handle [as handle_request] (C:\Users\lenovo\AppData\Roaming\npm\node_modules\appium\node_modules\express\lib\router\layer.js:95:5)
    at next (C:\Users\lenovo\AppData\Roaming\npm\node_modules\appium\node_modules\express\lib\router\route.js:137:13)
    at Route.dispatch (C:\Users\lenovo\AppData\Roaming\npm\node_modules\appium\node_modules\express\lib\router\route.js:112:3)
    at Layer.handle [as handle_request] (C:\Users\lenovo\AppData\Roaming\npm\node_modules\appium\node_modules\express\lib\router\layer.js:95:5)
    at C:\Users\lenovo\AppData\Roaming\npm\node_modules\appium\node_modules\express\lib\router\index.js:281:22
    at param (C:\Users\lenovo\AppData\Roaming\npm\node_modules\appium\node_modules\express\lib\router\index.js:354:14)
    at param (C:\Users\lenovo\AppData\Roaming\npm\node_modules\appium\node_modules\express\lib\router\index.js:365:14)
    at Function.process_params (C:\Users\lenovo\AppData\Roaming\npm\node_modules\appium\node_modules\express\lib\router\index.js:410:3)
    at next (C:\Users\lenovo\AppData\Roaming\npm\node_modules\appium\node_modules\express\lib\router\index.js:275:10)
    at logger (C:\Users\lenovo\AppData\Roaming\npm\node_modules\appium\node_modules\morgan\index.js:144:5)
    at Layer.handle [as handle_request] (C:\Users\lenovo\AppData\Roaming\npm\node_modules\appium\node_modules\express\lib\router\layer.js:95:5)
    at trim_prefix (C:\Users\lenovo\AppData\Roaming\npm\node_modules\appium\node_modules\express\lib\router\index.js:317:13)
    at C:\Users\lenovo\AppData\Roaming\npm\node_modules\appium\node_modules\express\lib\router\index.js:284:7
    at Function.process_params (C:\Users\lenovo\AppData\Roaming\npm\node_modules\appium\node_modules\express\lib\router\index.js:335:12)
    at next (C:\Users\lenovo\AppData\Roaming\npm\node_modules\appium\node_modules\express\lib\router\index.js:275:10)
    at C:\Users\lenovo\AppData\Roaming\npm\node_modules\appium\node_modules\body-parser\lib\read.js:130:5
    at invokeCallback (C:\Users\lenovo\AppData\Roaming\npm\node_modules\appium\node_modules\raw-body\index.js:224:16)
    at done (C:\Users\lenovo\AppData\Roaming\npm\node_modules\appium\node_modules\raw-body\index.js:213:7)
    at IncomingMessage.onEnd (C:\Users\lenovo\AppData\Roaming\npm\node_modules\appium\node_modules\raw-body\index.js:273:7)
    at emitNone (events.js:106:13)
    at IncomingMessage.emit (events.js:208:7)
    at endReadableNT (_stream_readable.js:1064:12)
    at _combinedTickCallback (internal/process/next_tick.js:138:11)
    at process._tickCallback (internal/process/next_tick.js:180:9), error=invalid session id, message=A session is either terminated or not started}
Build info: version: '3.6.0', revision: '6fbf3ec767', time: '2017-09-27T15:28:36.4Z'
System info: host: 'DESKTOP-4NIKV9T', ip: '10.229.202.25', os.name: 'Windows 10', os.arch: 'amd64', os.version: '10.0', java.version: '1.8.0_162'
Driver info: driver.version: AndroidDriver
at org.openqa.selenium.remote.RemoteWebDriver.findElement(RemoteWebDriver.java:326)
at io.appium.java_client.DefaultGenericMobileDriver.findElement(DefaultGenericMobileDriver.java:62)
at io.appium.java_client.AppiumDriver.findElement(AppiumDriver.java:1)
at io.appium.java_client.android.AndroidDriver.findElement(AndroidDriver.java:1)
at org.openqa.selenium.remote.RemoteWebDriver.findElementById(RemoteWebDriver.java:365)
at io.appium.java_client.DefaultGenericMobileDriver.findElementById(DefaultGenericMobileDriver.java:70)
at io.appium.java_client.AppiumDriver.findElementById(AppiumDriver.java:1)
at io.appium.java_client.android.AndroidDriver.findElementById(AndroidDriver.java:1)
at org.openqa.selenium.By$ById.findElement(By.java:218)
at org.openqa.selenium.remote.RemoteWebDriver.findElement(RemoteWebDriver.java:311)
at io.appium.java_client.DefaultGenericMobileDriver.findElement(DefaultGenericMobileDriver.java:58)
at io.appium.java_client.AppiumDriver.findElement(AppiumDriver.java:1)
at io.appium.java_client.android.AndroidDriver.findElement(AndroidDriver.java:1)
at org.openqa.selenium.support.pagefactory.DefaultElementLocator.findElement(DefaultElementLocator.java:69)
at org.openqa.selenium.support.pagefactory.internal.LocatingElementHandler.invoke(LocatingElementHandler.java:38)
at com.sun.proxy.$Proxy10.isDisplayed(Unknown Source)
at PageObject_Component.PageObject_OTP.Band_pair_screen(PageObject_OTP.java:200)
at Scenario_Component.Scenario_OTP.Verify_Band_cnnected(Scenario_OTP.java:73)
at sun.reflect.NativeMethodAccessorImpl.invoke0(Native Method)
at sun.reflect.NativeMethodAccessorImpl.invoke(NativeMethodAccessorImpl.java:62)
at sun.reflect.DelegatingMethodAccessorImpl.invoke(DelegatingMethodAccessorImpl.java:43)
at java.lang.reflect.Method.invoke(Method.java:498)
at org.testng.internal.MethodInvocationHelper.invokeMethod(MethodInvocationHelper.java:124)
at org.testng.internal.Invoker.invokeMethod(Invoker.java:580)
at org.testng.internal.Invoker.invokeTestMethod(Invoker.java:716)
at org.testng.internal.Invoker.invokeTestMethods(Invoker.java:988)
at org.testng.internal.TestMethodWorker.invokeTestMethods(TestMethodWorker.java:125)
at org.testng.internal.TestMethodWorker.run(TestMethodWorker.java:109)
at org.testng.TestRunner.privateRun(TestRunner.java:648)
at org.testng.TestRunner.run(TestRunner.java:505)
at org.testng.SuiteRunner.runTest(SuiteRunner.java:455)
at org.testng.SuiteRunner.runSequentially(SuiteRunner.java:450)
at org.testng.SuiteRunner.privateRun(SuiteRunner.java:415)
at org.testng.SuiteRunner.run(SuiteRunner.java:364)
at org.testng.SuiteRunnerWorker.runSuite(SuiteRunnerWorker.java:52)
at org.testng.SuiteRunnerWorker.run(SuiteRunnerWorker.java:84)
at org.testng.TestNG.runSuitesSequentially(TestNG.java:1208)
at org.testng.TestNG.runSuitesLocally(TestNG.java:1137)
at org.testng.TestNG.runSuites(TestNG.java:1049)
at org.testng.TestNG.run(TestNG.java:1017)
at org.testng.remote.AbstractRemoteTestNG.run(AbstractRemoteTestNG.java:114)
at org.testng.remote.RemoteTestNG.initAndRun(RemoteTestNG.java:251)
at org.testng.remote.RemoteTestNG.main(RemoteTestNG.java:77)
Caused by: java.lang.ClassCastException: com.google.common.collect.Maps$TransformedEntriesMap cannot be cast to org.openqa.selenium.WebElement
at org.openqa.selenium.remote.RemoteWebDriver.findElement(RemoteWebDriver.java:324)
... 42 more
]]>
    </error>
  </testcase> <!-- Verify_Band_cnnected -->
</testsuite> <!-- Scenario_Component.Scenario_OTP -->
