<?xml version="1.0" encoding="UTF-8"?>
<!-- Generated by org.testng.reporters.JUnitReportReporter -->
<testsuite skipped="1" hostname="DESKTOP-4NIKV9T" name="Scenario_Component.Scenario_OTP" tests="1" failures="0" timestamp="01 Aug 2018 13:18:11 GMT" time="0.000" errors="0">
  <testcase name="Verify_OTP_UI" time="0.000" classname="Scenario_Component.Scenario_OTP">
    <skipped/>
  </testcase> <!-- Verify_OTP_UI -->
</testsuite> <!-- Scenario_Component.Scenario_OTP -->
