<?xml version="1.0" encoding="UTF-8"?>
<!-- Generated by org.testng.reporters.JUnitReportReporter -->
<testsuite skipped="0" hostname="DESKTOP-4NIKV9T" name="PageObject_Component.PageObject_Dashboard" tests="1" failures="0" timestamp="26 Jun 2018 13:11:24 GMT" time="1.768" errors="0">
  <testcase name="startServer" time="1.768" classname="PageObject_Component.PageObject_Dashboard"/>
</testsuite> <!-- PageObject_Component.PageObject_Dashboard -->
