<?xml version="1.0" encoding="UTF-8"?>
<!-- Generated by org.testng.reporters.JUnitReportReporter -->
<testsuite skipped="0" hostname="DESKTOP-4NIKV9T" name="Scenario_Component.Scenario_setupprofile" tests="3" failures="0" timestamp="31 Jul 2018 08:48:50 GMT" time="91.444" errors="0">
  <testcase name="Signup_profile_UI" time="13.580" classname="Scenario_Component.Scenario_setupprofile"/>
  <testcase name="cameraui" time="0.002" classname="Scenario_Component.Scenario_setupprofile"/>
  <testcase name="input_setup_profile" time="77.862" classname="Scenario_Component.Scenario_setupprofile"/>
</testsuite> <!-- Scenario_Component.Scenario_setupprofile -->
